Arguments: 
  C:\Program Files\nodejs\node.exe C:\Users\tim\AppData\Roaming\npm\node_modules\yarn\bin\yarn.js add @nomicfoundation/hardhat-toolbox

PATH: 
  C:\Program Files\Python310\Scripts\;C:\Program Files\Python310\;C:\Program Files\Microsoft MPI\Bin\;C:\Program Files\Python39\Scripts\;C:\Program Files\Python39\;C:\Program Files (x86)\Intel\Intel(R) Management Engine Components\iCLS\;C:\Program Files\Intel\Intel(R) Management Engine Components\iCLS\;C:\Windows\system32;C:\Windows;C:\Windows\System32\Wbem;C:\Windows\System32\WindowsPowerShell\v1.0\;C:\Windows\System32\OpenSSH\;C:\Program Files (x86)\Intel\Intel(R) Management Engine Components\DAL;C:\Program Files\Intel\Intel(R) Management Engine Components\DAL;C:\Program Files (x86)\Intel\Intel(R) Management Engine Components\IPT;C:\Program Files\Intel\Intel(R) Management Engine Components\IPT;C:\Program Files (x86)\NVIDIA Corporation\PhysX\Common;C:\Program Files\Git\cmd;C:\Program Files\nodejs;;C:\WINDOWS\system32;C:\WINDOWS;C:\WINDOWS\System32\Wbem;C:\WINDOWS\System32\WindowsPowerShell\v1.0\;C:\WINDOWS\System32\OpenSSH\;C:\Program Files\nodejs\;C:\Program Files\NVIDIA Corporation\NVIDIA NvDLISR;C:\Users\tim\.cargo\bin;C:\Users\tim\AppData\Local\Microsoft\WindowsApps;C:\Program Files\JetBrains\PyCharm 2019.1.3\bin;C:\Program Files\JetBrains\WebStorm 2019.1.3\bin;C:\Users\tim\DataGrip 2019.1.4\bin;C:\Users\tim\AppData\Local\GitHubDesktop\bin;C:\Program Files\nodejs;;C:\Users\tim\AppData\Local\Microsoft\WindowsApps;C:\Users\tim\AppData\Roaming\npm;C:\Program Files\JetBrains\CLion 2021.2.3\bin;;C:\Program Files\JetBrains\DataGrip 2021.3.1\bin;;C:\Program Files\JetBrains\IntelliJ IDEA 2021.3\bin;;C:\Program Files\heroku\bin;C:\Users\tim\AppData\Local\JetBrains\Toolbox\scripts

Yarn version: 
  1.22.18

Node version: 
  14.17.6

Platform: 
  win32 x64

Trace: 
  Error: ENOENT: no such file or directory, copyfile 'C:\Users\tim\AppData\Local\Yarn\Cache\v6\npm-debug-4.3.4-1319f6579357f2338d3337d2cdd4914bb5dcc865-integrity\node_modules\debug\package.json' -> 'D:\web3projects\lw3wl\RandomWinnerGame\hardhat\node_modules\typechain\node_modules\debug\package.json'

npm manifest: 
  {
    "name": "randomwinnergame",
    "version": "1.0.0",
    "description": "",
    "main": "index.js",
    "scripts": {
      "test": "echo \\\"Error: no test specified\\\" && exit 1"
    },
    "keywords": [],
    "author": "",
    "license": "ISC",
    "devDependencies": {
      "@nomiclabs/hardhat-ethers": "^2.1.0",
      "@nomiclabs/hardhat-etherscan": "^3.1.0",
      "@nomiclabs/hardhat-waffle": "^2.0.3",
      "chai": "^4.3.6",
      "ethereum-waffle": "^3.4.4",
      "ethers": "^5.6.9",
      "hardhat": "^2.10.0"
    },
    "dependencies": {
      "@chainlink/contracts": "^0.4.1",
      "@openzeppelin/contracts": "^4.7.0",
      "dotenv": "^16.0.1"
    }
  }

yarn manifest: 
  No manifest

Lockfile: 
  No lockfile
